<?xml version="1.0" encoding="UTF-8"?>
<testng-results ignored="0" total="2" passed="2" failed="0" skipped="0">
  <reporter-output>
  </reporter-output>
  <suite started-at="2024-04-20T12:11:43 IST" name="Default suite" finished-at="2024-04-20T12:12:11 IST" duration-ms="27985">
    <groups>
      <group name="cucumber">
        <method signature="AbstractTestNGCucumberTests.runScenario(io.cucumber.testng.PickleWrapper,io.cucumber.testng.FeatureWrapper)[pri:0, instance:com.cucumberprac.TestRun@57db2b13]" name="runScenario" class="io.cucumber.testng.AbstractTestNGCucumberTests"/>
      </group> <!-- cucumber -->
    </groups>
    <test started-at="2024-04-20T12:11:43 IST" name="Default test" finished-at="2024-04-20T12:12:11 IST" duration-ms="27985">
      <class name="com.cucumberprac.TestRun">
        <test-method is-config="true" signature="setUpClass(org.testng.ITestContext)[pri:0, instance:com.cucumberprac.TestRun@57db2b13]" started-at="2024-04-20T12:11:43 IST" name="setUpClass" finished-at="2024-04-20T12:11:44 IST" duration-ms="863" status="PASS">
          <params>
            <param index="0">
              <value>
                <![CDATA[org.testng.TestRunner@30bd39d5]]>
              </value>
            </param>
          </params>
          <reporter-output>
          </reporter-output>
        </test-method> <!-- setUpClass -->
        <test-method signature="runScenario(io.cucumber.testng.PickleWrapper,io.cucumber.testng.FeatureWrapper)[pri:0, instance:com.cucumberprac.TestRun@57db2b13]" started-at="2024-04-20T12:11:44 IST" name="runScenario" description="Runs Cucumber Scenarios" data-provider="scenarios" finished-at="2024-04-20T12:12:02 IST" duration-ms="17982" status="PASS">
          <params>
            <param index="0">
              <value>
                <![CDATA["LoginSwagDataDriven"]]>
              </value>
            </param>
            <param index="1">
              <value>
                <![CDATA["SwagLabs Login"]]>
              </value>
            </param>
          </params>
          <reporter-output>
          </reporter-output>
        </test-method> <!-- runScenario -->
        <test-method signature="runScenario(io.cucumber.testng.PickleWrapper,io.cucumber.testng.FeatureWrapper)[pri:0, instance:com.cucumberprac.TestRun@57db2b13]" started-at="2024-04-20T12:12:02 IST" name="runScenario" description="Runs Cucumber Scenarios" data-provider="scenarios" finished-at="2024-04-20T12:12:11 IST" duration-ms="8942" status="PASS">
          <params>
            <param index="0">
              <value>
                <![CDATA["LoginSwagDataDriven"]]>
              </value>
            </param>
            <param index="1">
              <value>
                <![CDATA["SwagLabs Login"]]>
              </value>
            </param>
          </params>
          <reporter-output>
          </reporter-output>
        </test-method> <!-- runScenario -->
        <test-method is-config="true" signature="tearDownClass()[pri:0, instance:com.cucumberprac.TestRun@57db2b13]" started-at="2024-04-20T12:12:11 IST" name="tearDownClass" finished-at="2024-04-20T12:12:11 IST" duration-ms="110" status="PASS">
          <reporter-output>
          </reporter-output>
        </test-method> <!-- tearDownClass -->
      </class> <!-- com.cucumberprac.TestRun -->
    </test> <!-- Default test -->
  </suite> <!-- Default suite -->
</testng-results>
